[debug] [2025-03-17T13:40:56.849Z] ----------------------------------------------------------------------
[debug] [2025-03-17T13:40:56.850Z] Command:       C:\Program Files\nodejs\node.exe C:\Users\sabri\AppData\Roaming\npm\node_modules\firebase-tools\lib\bin\firebase.js init
[debug] [2025-03-17T13:40:56.850Z] CLI Version:   12.5.0
[debug] [2025-03-17T13:40:56.850Z] Platform:      win32
[debug] [2025-03-17T13:40:56.850Z] Node Version:  v16.20.2
[debug] [2025-03-17T13:40:56.851Z] Time:          Mon Mar 17 2025 10:40:56 GMT-0300 (Horário Padrão de Brasília)
[debug] [2025-03-17T13:40:56.851Z] ----------------------------------------------------------------------
[debug] 
[debug] [2025-03-17T13:40:56.898Z] > command requires scopes: ["email","openid","https://www.googleapis.com/auth/cloudplatformprojects.readonly","https://www.googleapis.com/auth/firebase","https://www.googleapis.com/auth/cloud-platform"]
[debug] [2025-03-17T13:40:56.899Z] > authorizing via signed-in user (sabrinademeloborges0@gmail.com)
[info] 
     ######## #### ########  ######## ########     ###     ######  ########
     ##        ##  ##     ## ##       ##     ##  ##   ##  ##       ##
     ######    ##  ########  ######   ########  #########  ######  ######
     ##        ##  ##    ##  ##       ##     ## ##     ##       ## ##
     ##       #### ##     ## ######## ########  ##     ##  ######  ########

You're about to initialize a Firebase project in this directory:

  C:\VSC\AngularProject SocialMedia\angular-Project

Before we get started, keep in mind:

  * You are currently outside your home directory
  * You are initializing within an existing Firebase project directory

